0 info it worked if it ends with ok
1 verbose cli [ 'D:\\node\\node.exe',
1 verbose cli   'D:\\node\\node_modules\\npm\\bin\\npm-cli.js',
1 verbose cli   'run',
1 verbose cli   'test' ]
2 info using npm@3.10.10
3 info using node@v6.9.3
4 verbose run-script [ 'pretest', 'test', 'posttest' ]
5 info lifecycle js_study@1.0.0~pretest: js_study@1.0.0
6 silly lifecycle js_study@1.0.0~pretest: no script for pretest, continuing
7 info lifecycle js_study@1.0.0~test: js_study@1.0.0
8 verbose lifecycle js_study@1.0.0~test: unsafe-perm in lifecycle true
9 verbose lifecycle js_study@1.0.0~test: PATH: D:\node\node_modules\npm\bin\node-gyp-bin;E:\web_project\my_web\node_modules\.bin;C:\ProgramData\Oracle\Java\javapath;C:\Windows\system32;C:\Windows;C:\Windows\System32\Wbem;C:\Windows\System32\WindowsPowerShell\v1.0\;D:\opt\cmder;D:\git\Git\bin;D:\go\bin;C:\Program Files\Sublime Text 3;D:\go\bin;C:\TDM-GCC-64\bin;E:\sqlite3;D:\node\;D:\adb\tools;C:\Program Files (x86)\IDM Computer Solutions\UltraEdit;C:\Program Files\IDM Computer Solutions\UltraCompare;C:\Go\bin;C:\Users\Administrator\AppData\Roaming\npm;C:\Users\Administrator\AppData\Local\Programs\Fiddler
10 verbose lifecycle js_study@1.0.0~test: CWD: E:\web_project\my_web
11 silly lifecycle js_study@1.0.0~test: Args: [ '/d /s /c', 'echo "Error: no test specified" && exit 1' ]
12 silly lifecycle js_study@1.0.0~test: Returned: code: 1  signal: null
13 info lifecycle js_study@1.0.0~test: Failed to exec test script
14 verbose stack Error: js_study@1.0.0 test: `echo "Error: no test specified" && exit 1`
14 verbose stack Exit status 1
14 verbose stack     at EventEmitter.<anonymous> (D:\node\node_modules\npm\lib\utils\lifecycle.js:255:16)
14 verbose stack     at emitTwo (events.js:106:13)
14 verbose stack     at EventEmitter.emit (events.js:191:7)
14 verbose stack     at ChildProcess.<anonymous> (D:\node\node_modules\npm\lib\utils\spawn.js:40:14)
14 verbose stack     at emitTwo (events.js:106:13)
14 verbose stack     at ChildProcess.emit (events.js:191:7)
14 verbose stack     at maybeClose (internal/child_process.js:877:16)
14 verbose stack     at Process.ChildProcess._handle.onexit (internal/child_process.js:226:5)
15 verbose pkgid js_study@1.0.0
16 verbose cwd E:\web_project\my_web
17 error Windows_NT 6.1.7601
18 error argv "D:\\node\\node.exe" "D:\\node\\node_modules\\npm\\bin\\npm-cli.js" "run" "test"
19 error node v6.9.3
20 error npm  v3.10.10
21 error code ELIFECYCLE
22 error js_study@1.0.0 test: `echo "Error: no test specified" && exit 1`
22 error Exit status 1
23 error Failed at the js_study@1.0.0 test script 'echo "Error: no test specified" && exit 1'.
23 error Make sure you have the latest version of node.js and npm installed.
23 error If you do, this is most likely a problem with the js_study package,
23 error not with npm itself.
23 error Tell the author that this fails on your system:
23 error     echo "Error: no test specified" && exit 1
23 error You can get information on how to open an issue for this project with:
23 error     npm bugs js_study
23 error Or if that isn't available, you can get their info via:
23 error     npm owner ls js_study
23 error There is likely additional logging output above.
24 verbose exit [ 1, true ]
